*** Starting uWSGI 2.0.19.1 (64bit) on [Sun Jun 27 17:22:28 2021] ***
compiled with version: 7.5.0 on 27 June 2021 08:44:25
os: Linux-4.15.0-140-generic #144-Ubuntu SMP Fri Mar 19 14:12:35 UTC 2021
nodename: dbpolicy_data
machine: x86_64
clock source: unix
pcre jit disabled
detected number of CPU cores: 4
current working directory: /root/Alphasu/dbpolicy_web_backend/script
writing pidfile to /root/Alphasu/dbpolicy_web_backend/script/uwsgi.pid
detected binary path: /usr/local/bin/uwsgi
*** WARNING: you are running uWSGI as root !!! (use the --uid flag) *** 
chdir() to /root/Alphasu/dbpolicy_web_backend/
your processes number limit is 31649
your memory page size is 4096 bytes
detected max file descriptor number: 65535
lock engine: pthread robust mutexes
thunder lock: enabled
uWSGI http bound on 192.168.0.64:8000 fd 3
uwsgi socket 0 bound to UNIX address /root/Alphasu/dbpolicy_web_backend/script/uwsgi.sock fd 6
*** WARNING: you are running uWSGI as root !!! (use the --uid flag) *** 
Python version: 3.8.0 (default, Feb 25 2021, 22:10:10)  [GCC 8.4.0]
Python main interpreter initialized at 0x561e08358520
*** WARNING: you are running uWSGI as root !!! (use the --uid flag) *** 
python threads support enabled
your server socket listen backlog is limited to 100 connections
your mercy for graceful operations on workers is 60 seconds
mapped 324448 bytes (316 KB) for 3 cores
*** Operational MODE: preforking ***
WSGI app 0 (mountpoint='') ready in 1 seconds on interpreter 0x561e08358520 pid: 19218 (default app)
*** WARNING: you are running uWSGI as root !!! (use the --uid flag) *** 
*** uWSGI is running in multiple interpreter mode ***
spawned uWSGI master process (pid: 19218)
spawned uWSGI worker 1 (pid: 19220, cores: 1)
spawned uWSGI worker 2 (pid: 19221, cores: 1)
spawned uWSGI worker 3 (pid: 19222, cores: 1)
spawned uWSGI http 1 (pid: 19223)
[pid: 19220|app: 0|req: 1/1] 106.120.213.110 () {44 vars in 899 bytes} [Sun Jun 27 17:22:43 2021] POST /api/user/auth/ => generated 215 bytes in 655 msecs (HTTP/1.1 200) 7 headers in 202 bytes (1 switches on core 0)
[pid: 19221|app: 0|req: 1/2] 106.120.213.110 () {40 vars in 806 bytes} [Sun Jun 27 17:23:00 2021] GET /api/users/info?username=che => generated 0 bytes in 476 msecs (HTTP/1.1 301) 5 headers in 197 bytes (1 switches on core 0)
Unauthorized: /api/users/create/
[pid: 19222|app: 0|req: 1/3] 106.120.213.110 () {44 vars in 905 bytes} [Sun Jun 27 17:23:59 2021] POST /api/users/create/ => generated 43 bytes in 504 msecs (HTTP/1.1 401) 9 headers in 377 bytes (1 switches on core 0)
Forbidden: /api/users/create/
[pid: 19220|app: 0|req: 2/4] 106.120.213.110 () {44 vars in 905 bytes} [Sun Jun 27 17:24:21 2021] POST /api/users/create/ => generated 58 bytes in 23 msecs (HTTP/1.1 403) 7 headers in 240 bytes (1 switches on core 0)
[pid: 19221|app: 0|req: 2/5] 106.120.213.110 () {40 vars in 806 bytes} [Sun Jun 27 17:33:12 2021] GET /api/users/info?username=che => generated 0 bytes in 0 msecs (HTTP/1.1 301) 5 headers in 197 bytes (1 switches on core 0)
Unauthorized: /api/targetUrls/info/
[pid: 19222|app: 0|req: 2/6] 106.120.213.110 () {40 vars in 793 bytes} [Sun Jun 27 17:33:58 2021] GET /api/targetUrls/info/ => generated 43 bytes in 19 msecs (HTTP/1.1 401) 9 headers in 358 bytes (1 switches on core 0)
Unauthorized: /api/targetUrls/info/
[pid: 19220|app: 0|req: 3/7] 106.120.213.110 () {40 vars in 751 bytes} [Sun Jun 27 17:34:18 2021] GET /api/targetUrls/info/ => generated 43 bytes in 1 msecs (HTTP/1.1 401) 8 headers in 259 bytes (1 switches on core 0)
